<?xml version="1.0" encoding="UTF-8"?>
<!-- Generated by org.testng.reporters.JUnitReportReporter -->
<testsuite hostname="RAMSATPUTE" failures="0" tests="1" name="ProjectTests.TestPage" time="14.228" errors="0" timestamp="2023-06-13T18:42:55 IST" skipped="0">
  <testcase classname="ProjectTests.TestPage" name="scenario1" time="14.228"/>
  <system-out/>
</testsuite> <!-- ProjectTests.TestPage -->
