<?xml version="1.0" encoding="UTF-8"?>
<!-- Generated by org.testng.reporters.JUnitReportReporter -->
<testsuite hostname="RAMSATPUTE" failures="0" tests="1" name="ProjectTests.TestPage" time="12.511" errors="0" timestamp="2023-06-13T16:31:10 IST" skipped="0">
  <testcase classname="ProjectTests.TestPage" name="scenario1" time="12.511"/>
  <system-out/>
</testsuite> <!-- ProjectTests.TestPage -->
